17/06/2020 01:53:28 INFO  RestApiClient:36 - Iniciando login remoto
17/06/2020 01:53:28 INFO  RestApiClient:42 - Login OK
17/06/2020 20:52:37 INFO  ThreadConsultaProtocolo:53 - Iniciando verificação de protocolos -> Usuario: ag001
17/06/2020 20:53:39 INFO  ThreadConsultaProtocolo:53 - Iniciando verificação de protocolos -> Usuario: ag001
17/06/2020 22:14:42 INFO  ThreadConsultaProtocolo:53 - Iniciando verificação de protocolos -> Usuario: ag001
17/06/2020 22:15:44 INFO  ThreadConsultaProtocolo:53 - Iniciando verificação de protocolos -> Usuario: ag001
17/06/2020 22:19:06 INFO  ThreadConsultaProtocolo:53 - Iniciando verificação de protocolos -> Usuario: ag001
17/06/2020 22:20:46 INFO  ThreadConsultaProtocolo:53 - Iniciando verificação de protocolos -> Usuario: ag001
17/06/2020 22:22:18 INFO  ThreadConsultaProtocolo:53 - Iniciando verificação de protocolos -> Usuario: ag001
17/06/2020 22:23:38 INFO  ThreadConsultaProtocolo:53 - Iniciando verificação de protocolos -> Usuario: ag001
17/06/2020 22:24:05 INFO  ThreadConsultaProtocolo:53 - Iniciando verificação de protocolos -> Usuario: ag001
17/06/2020 22:24:09 INFO  ThreadConsultaProtocolo:53 - Iniciando verificação de protocolos -> Usuario: ag001
17/06/2020 22:24:10 INFO  ThreadConsultaProtocolo:53 - Iniciando verificação de protocolos -> Usuario: ag001
17/06/2020 22:24:11 INFO  ThreadConsultaProtocolo:53 - Iniciando verificação de protocolos -> Usuario: ag001
17/06/2020 22:24:12 INFO  ThreadConsultaProtocolo:53 - Iniciando verificação de protocolos -> Usuario: ag001
17/06/2020 22:24:12 INFO  ThreadConsultaProtocolo:53 - Iniciando verificação de protocolos -> Usuario: ag001
17/06/2020 22:24:13 INFO  ThreadConsultaProtocolo:53 - Iniciando verificação de protocolos -> Usuario: ag001
17/06/2020 22:24:13 INFO  ThreadConsultaProtocolo:53 - Iniciando verificação de protocolos -> Usuario: ag001
17/06/2020 22:24:16 INFO  ThreadConsultaProtocolo:53 - Iniciando verificação de protocolos -> Usuario: ag001
17/06/2020 22:24:16 INFO  ThreadConsultaProtocolo:53 - Iniciando verificação de protocolos -> Usuario: ag001
17/06/2020 22:24:17 INFO  ThreadConsultaProtocolo:53 - Iniciando verificação de protocolos -> Usuario: ag001
17/06/2020 22:24:17 INFO  ThreadConsultaProtocolo:53 - Iniciando verificação de protocolos -> Usuario: ag001
17/06/2020 22:57:57 INFO  ThreadConsultaProtocolo:53 - Iniciando verificação de protocolos -> Usuario: ag001
17/06/2020 22:58:05 INFO  ThreadConsultaProtocolo:60 - Novo protocolo associado ao operador. Protocolo 202006165
17/06/2020 23:00:41 INFO  ThreadConsultaProtocolo:53 - Iniciando verificação de protocolos -> Usuario: ag001
17/06/2020 23:00:53 INFO  ThreadConsultaProtocolo:60 - Novo protocolo associado ao operador. Protocolo 202006165
17/06/2020 23:00:55 INFO  ThreadConsultaProtocolo:53 - Iniciando verificação de protocolos -> Usuario: ag001
17/06/2020 23:01:41 INFO  ThreadConsultaProtocolo:53 - Iniciando verificação de protocolos -> Usuario: ag001
17/06/2020 23:02:03 INFO  ThreadConsultaProtocolo:60 - Novo protocolo associado ao operador. Protocolo 202006165
17/06/2020 23:02:08 INFO  ThreadConsultaProtocolo:53 - Iniciando verificação de protocolos -> Usuario: ag001
17/06/2020 23:10:09 INFO  ThreadConsultaProtocolo:53 - Iniciando verificação de protocolos -> Usuario: ag001
17/06/2020 23:10:16 INFO  ThreadConsultaProtocolo:60 - Novo protocolo associado ao operador. Protocolo 202006165
17/06/2020 23:10:21 INFO  ThreadConsultaProtocolo:53 - Iniciando verificação de protocolos -> Usuario: ag001
17/06/2020 23:13:06 INFO  ThreadConsultaProtocolo:53 - Iniciando verificação de protocolos -> Usuario: ag001
17/06/2020 23:13:12 INFO  ThreadConsultaProtocolo:60 - Novo protocolo associado ao operador. Protocolo 202006165
17/06/2020 23:13:18 INFO  ThreadConsultaProtocolo:53 - Iniciando verificação de protocolos -> Usuario: ag001
18/06/2020 01:31:05 INFO  RestApiClient:95 - http://localhost:8080/web/api/v1/chat?protocolo=5&pageNumber=1&pageSize=1
18/06/2020 01:35:19 INFO  RestApiClient:95 - http://localhost:8080/web/api/v1/chat?protocolo=5&pageNumber=1&pageSize=1
18/06/2020 07:32:02 INFO  RestApiClient:95 - http://localhost:8080/web/api/v1/chat?protocolo=5&pageNumber=1&pageSize=1
18/06/2020 07:36:28 INFO  RestApiClient:95 - http://localhost:8080/web/api/v1/chat/5/1/1
18/06/2020 07:40:32 INFO  RestApiClient:95 - http://localhost:8080/web/api/v1/chat/5/1/1
18/06/2020 07:41:54 INFO  RestApiClient:95 - http://localhost:8080/web/api/v1/chat/5/1/1
18/06/2020 08:21:46 INFO  ThreadConsultaProtocolo:47 - Iniciando verificação de protocolos -> Usuario: ag001
18/06/2020 08:21:50 INFO  ThreadPrintaChat:45 - Iniciando processamento do chat
18/06/2020 08:21:55 INFO  RestApiClient:95 - http://localhost:8080/web/api/v1/chat/5/1/1
18/06/2020 08:22:00 ERROR ThreadPrintaChat:74 - Erro ao inserir dados no painel de chat
javax.swing.text.BadLocationException: Invalid insert
	at javax.swing.text.GapContent.insertString(GapContent.java:129)
	at javax.swing.text.AbstractDocument.handleInsertString(AbstractDocument.java:723)
	at javax.swing.text.AbstractDocument.insertString(AbstractDocument.java:707)
	at br.com.wppatend.wppatendclient.threads.ThreadPrintaChat.run(ThreadPrintaChat.java:72)
18/06/2020 08:22:32 INFO  RestApiClient:95 - http://localhost:8080/web/api/v1/chat/5/2/1
18/06/2020 08:22:36 ERROR ThreadPrintaChat:74 - Erro ao inserir dados no painel de chat
javax.swing.text.BadLocationException: Invalid insert
	at javax.swing.text.GapContent.insertString(GapContent.java:129)
	at javax.swing.text.AbstractDocument.handleInsertString(AbstractDocument.java:723)
	at javax.swing.text.AbstractDocument.insertString(AbstractDocument.java:707)
	at br.com.wppatend.wppatendclient.threads.ThreadPrintaChat.run(ThreadPrintaChat.java:72)
18/06/2020 08:39:00 INFO  ThreadConsultaProtocolo:47 - Iniciando verificação de protocolos -> Usuario: ag001
18/06/2020 08:39:09 INFO  ThreadPrintaChat:45 - Iniciando processamento do chat
18/06/2020 08:39:35 INFO  RestApiClient:95 - http://localhost:8080/web/api/v1/chat/5/1/1
18/06/2020 08:39:40 INFO  RestApiClient:95 - http://localhost:8080/web/api/v1/chat/5/2/1
18/06/2020 08:39:45 INFO  RestApiClient:95 - http://localhost:8080/web/api/v1/chat/5/3/1
18/06/2020 08:39:50 INFO  RestApiClient:95 - http://localhost:8080/web/api/v1/chat/5/4/1
18/06/2020 08:39:55 INFO  RestApiClient:95 - http://localhost:8080/web/api/v1/chat/5/5/1
18/06/2020 08:39:55 ERROR ThreadPrintaChat:84 - Ocorreu um erro ao carregar o chat
java.lang.IndexOutOfBoundsException: Index: 0, Size: 0
	at java.util.ArrayList.rangeCheck(ArrayList.java:657)
	at java.util.ArrayList.get(ArrayList.java:433)
	at br.com.wppatend.wppatendclient.threads.ThreadPrintaChat.run(ThreadPrintaChat.java:69)
18/06/2020 08:40:00 INFO  RestApiClient:95 - http://localhost:8080/web/api/v1/chat/5/5/1
18/06/2020 08:40:03 ERROR ThreadPrintaChat:84 - Ocorreu um erro ao carregar o chat
java.lang.IndexOutOfBoundsException: Index: 0, Size: 0
	at java.util.ArrayList.rangeCheck(ArrayList.java:657)
	at java.util.ArrayList.get(ArrayList.java:433)
	at br.com.wppatend.wppatendclient.threads.ThreadPrintaChat.run(ThreadPrintaChat.java:69)
18/06/2020 08:40:24 INFO  ThreadConsultaProtocolo:47 - Iniciando verificação de protocolos -> Usuario: ag001
18/06/2020 08:41:53 INFO  ThreadConsultaProtocolo:47 - Iniciando verificação de protocolos -> Usuario: ag001
18/06/2020 08:41:58 INFO  ThreadPrintaChat:45 - Iniciando processamento do chat
18/06/2020 08:41:58 INFO  RestApiClient:95 - http://localhost:8080/web/api/v1/chat/5/1/1
18/06/2020 08:41:59 INFO  RestApiClient:95 - http://localhost:8080/web/api/v1/chat/5/2/1
18/06/2020 08:42:00 INFO  RestApiClient:95 - http://localhost:8080/web/api/v1/chat/5/3/1
18/06/2020 08:42:01 INFO  RestApiClient:95 - http://localhost:8080/web/api/v1/chat/5/4/1
18/06/2020 08:42:02 INFO  RestApiClient:95 - http://localhost:8080/web/api/v1/chat/5/5/1
18/06/2020 08:42:02 ERROR ThreadPrintaChat:84 - Ocorreu um erro ao carregar o chat
java.lang.IndexOutOfBoundsException: Index: 0, Size: 0
	at java.util.ArrayList.rangeCheck(ArrayList.java:657)
	at java.util.ArrayList.get(ArrayList.java:433)
	at br.com.wppatend.wppatendclient.threads.ThreadPrintaChat.run(ThreadPrintaChat.java:69)
18/06/2020 08:42:03 INFO  RestApiClient:95 - http://localhost:8080/web/api/v1/chat/5/5/1
18/06/2020 08:42:03 ERROR ThreadPrintaChat:84 - Ocorreu um erro ao carregar o chat
java.lang.IndexOutOfBoundsException: Index: 0, Size: 0
	at java.util.ArrayList.rangeCheck(ArrayList.java:657)
	at java.util.ArrayList.get(ArrayList.java:433)
	at br.com.wppatend.wppatendclient.threads.ThreadPrintaChat.run(ThreadPrintaChat.java:69)
18/06/2020 08:42:04 INFO  RestApiClient:95 - http://localhost:8080/web/api/v1/chat/5/5/1
18/06/2020 08:42:04 ERROR ThreadPrintaChat:84 - Ocorreu um erro ao carregar o chat
java.lang.IndexOutOfBoundsException: Index: 0, Size: 0
	at java.util.ArrayList.rangeCheck(ArrayList.java:657)
	at java.util.ArrayList.get(ArrayList.java:433)
	at br.com.wppatend.wppatendclient.threads.ThreadPrintaChat.run(ThreadPrintaChat.java:69)
18/06/2020 08:42:05 INFO  RestApiClient:95 - http://localhost:8080/web/api/v1/chat/5/5/1
18/06/2020 08:42:05 ERROR ThreadPrintaChat:84 - Ocorreu um erro ao carregar o chat
java.lang.IndexOutOfBoundsException: Index: 0, Size: 0
	at java.util.ArrayList.rangeCheck(ArrayList.java:657)
	at java.util.ArrayList.get(ArrayList.java:433)
	at br.com.wppatend.wppatendclient.threads.ThreadPrintaChat.run(ThreadPrintaChat.java:69)
18/06/2020 08:42:06 INFO  RestApiClient:95 - http://localhost:8080/web/api/v1/chat/5/5/1
18/06/2020 08:42:06 ERROR ThreadPrintaChat:84 - Ocorreu um erro ao carregar o chat
java.lang.IndexOutOfBoundsException: Index: 0, Size: 0
	at java.util.ArrayList.rangeCheck(ArrayList.java:657)
	at java.util.ArrayList.get(ArrayList.java:433)
	at br.com.wppatend.wppatendclient.threads.ThreadPrintaChat.run(ThreadPrintaChat.java:69)
18/06/2020 08:42:07 INFO  RestApiClient:95 - http://localhost:8080/web/api/v1/chat/5/5/1
18/06/2020 08:42:07 ERROR ThreadPrintaChat:84 - Ocorreu um erro ao carregar o chat
java.lang.IndexOutOfBoundsException: Index: 0, Size: 0
	at java.util.ArrayList.rangeCheck(ArrayList.java:657)
	at java.util.ArrayList.get(ArrayList.java:433)
	at br.com.wppatend.wppatendclient.threads.ThreadPrintaChat.run(ThreadPrintaChat.java:69)
18/06/2020 08:42:08 INFO  RestApiClient:95 - http://localhost:8080/web/api/v1/chat/5/5/1
18/06/2020 08:42:08 ERROR ThreadPrintaChat:84 - Ocorreu um erro ao carregar o chat
java.lang.IndexOutOfBoundsException: Index: 0, Size: 0
	at java.util.ArrayList.rangeCheck(ArrayList.java:657)
	at java.util.ArrayList.get(ArrayList.java:433)
	at br.com.wppatend.wppatendclient.threads.ThreadPrintaChat.run(ThreadPrintaChat.java:69)
18/06/2020 08:42:09 INFO  RestApiClient:95 - http://localhost:8080/web/api/v1/chat/5/5/1
18/06/2020 08:42:09 ERROR ThreadPrintaChat:84 - Ocorreu um erro ao carregar o chat
java.lang.IndexOutOfBoundsException: Index: 0, Size: 0
	at java.util.ArrayList.rangeCheck(ArrayList.java:657)
	at java.util.ArrayList.get(ArrayList.java:433)
	at br.com.wppatend.wppatendclient.threads.ThreadPrintaChat.run(ThreadPrintaChat.java:69)
18/06/2020 08:42:10 INFO  RestApiClient:95 - http://localhost:8080/web/api/v1/chat/5/5/1
18/06/2020 08:42:10 ERROR ThreadPrintaChat:84 - Ocorreu um erro ao carregar o chat
java.lang.IndexOutOfBoundsException: Index: 0, Size: 0
	at java.util.ArrayList.rangeCheck(ArrayList.java:657)
	at java.util.ArrayList.get(ArrayList.java:433)
	at br.com.wppatend.wppatendclient.threads.ThreadPrintaChat.run(ThreadPrintaChat.java:69)
18/06/2020 08:42:11 INFO  RestApiClient:95 - http://localhost:8080/web/api/v1/chat/5/5/1
18/06/2020 08:42:11 ERROR ThreadPrintaChat:84 - Ocorreu um erro ao carregar o chat
java.lang.IndexOutOfBoundsException: Index: 0, Size: 0
	at java.util.ArrayList.rangeCheck(ArrayList.java:657)
	at java.util.ArrayList.get(ArrayList.java:433)
	at br.com.wppatend.wppatendclient.threads.ThreadPrintaChat.run(ThreadPrintaChat.java:69)
18/06/2020 08:42:12 INFO  RestApiClient:95 - http://localhost:8080/web/api/v1/chat/5/5/1
18/06/2020 08:42:12 ERROR ThreadPrintaChat:84 - Ocorreu um erro ao carregar o chat
java.lang.IndexOutOfBoundsException: Index: 0, Size: 0
	at java.util.ArrayList.rangeCheck(ArrayList.java:657)
	at java.util.ArrayList.get(ArrayList.java:433)
	at br.com.wppatend.wppatendclient.threads.ThreadPrintaChat.run(ThreadPrintaChat.java:69)
18/06/2020 08:42:13 INFO  RestApiClient:95 - http://localhost:8080/web/api/v1/chat/5/5/1
18/06/2020 08:42:13 ERROR ThreadPrintaChat:84 - Ocorreu um erro ao carregar o chat
java.lang.IndexOutOfBoundsException: Index: 0, Size: 0
	at java.util.ArrayList.rangeCheck(ArrayList.java:657)
	at java.util.ArrayList.get(ArrayList.java:433)
	at br.com.wppatend.wppatendclient.threads.ThreadPrintaChat.run(ThreadPrintaChat.java:69)
18/06/2020 08:42:14 INFO  RestApiClient:95 - http://localhost:8080/web/api/v1/chat/5/5/1
18/06/2020 08:42:14 ERROR ThreadPrintaChat:84 - Ocorreu um erro ao carregar o chat
java.lang.IndexOutOfBoundsException: Index: 0, Size: 0
	at java.util.ArrayList.rangeCheck(ArrayList.java:657)
	at java.util.ArrayList.get(ArrayList.java:433)
	at br.com.wppatend.wppatendclient.threads.ThreadPrintaChat.run(ThreadPrintaChat.java:69)
18/06/2020 08:42:54 INFO  ThreadConsultaProtocolo:47 - Iniciando verificação de protocolos -> Usuario: ag001
18/06/2020 08:42:54 INFO  ThreadPrintaChat:45 - Iniciando processamento do chat
18/06/2020 08:42:54 INFO  RestApiClient:95 - http://localhost:8080/web/api/v1/chat/5/1/1
18/06/2020 08:42:55 INFO  RestApiClient:95 - http://localhost:8080/web/api/v1/chat/5/2/1
18/06/2020 08:42:56 INFO  RestApiClient:95 - http://localhost:8080/web/api/v1/chat/5/3/1
18/06/2020 08:42:57 INFO  RestApiClient:95 - http://localhost:8080/web/api/v1/chat/5/4/1
18/06/2020 08:42:58 INFO  RestApiClient:95 - http://localhost:8080/web/api/v1/chat/5/5/1
18/06/2020 08:42:59 INFO  RestApiClient:95 - http://localhost:8080/web/api/v1/chat/5/5/1
18/06/2020 08:43:00 INFO  RestApiClient:95 - http://localhost:8080/web/api/v1/chat/5/5/1
18/06/2020 08:43:01 INFO  RestApiClient:95 - http://localhost:8080/web/api/v1/chat/5/5/1
18/06/2020 08:43:02 INFO  RestApiClient:95 - http://localhost:8080/web/api/v1/chat/5/5/1
18/06/2020 08:43:03 INFO  RestApiClient:95 - http://localhost:8080/web/api/v1/chat/5/5/1
18/06/2020 08:43:04 INFO  RestApiClient:95 - http://localhost:8080/web/api/v1/chat/5/5/1
18/06/2020 08:43:05 INFO  RestApiClient:95 - http://localhost:8080/web/api/v1/chat/5/5/1
18/06/2020 08:43:06 INFO  RestApiClient:95 - http://localhost:8080/web/api/v1/chat/5/5/1
18/06/2020 08:43:07 INFO  RestApiClient:95 - http://localhost:8080/web/api/v1/chat/5/5/1
18/06/2020 08:43:08 INFO  RestApiClient:95 - http://localhost:8080/web/api/v1/chat/5/5/1
18/06/2020 08:43:09 INFO  RestApiClient:95 - http://localhost:8080/web/api/v1/chat/5/5/1
18/06/2020 08:43:10 INFO  RestApiClient:95 - http://localhost:8080/web/api/v1/chat/5/5/1
18/06/2020 08:43:11 INFO  RestApiClient:95 - http://localhost:8080/web/api/v1/chat/5/5/1
18/06/2020 08:43:12 INFO  RestApiClient:95 - http://localhost:8080/web/api/v1/chat/5/5/1
18/06/2020 08:43:13 INFO  RestApiClient:95 - http://localhost:8080/web/api/v1/chat/5/5/1
18/06/2020 08:43:14 INFO  RestApiClient:95 - http://localhost:8080/web/api/v1/chat/5/5/1
18/06/2020 08:43:15 INFO  RestApiClient:95 - http://localhost:8080/web/api/v1/chat/5/5/1
18/06/2020 08:43:16 INFO  RestApiClient:95 - http://localhost:8080/web/api/v1/chat/5/5/1
18/06/2020 08:43:17 INFO  RestApiClient:95 - http://localhost:8080/web/api/v1/chat/5/5/1
18/06/2020 08:43:18 INFO  RestApiClient:95 - http://localhost:8080/web/api/v1/chat/5/5/1
18/06/2020 08:43:19 INFO  RestApiClient:95 - http://localhost:8080/web/api/v1/chat/5/5/1
18/06/2020 08:43:20 INFO  RestApiClient:95 - http://localhost:8080/web/api/v1/chat/5/5/1
18/06/2020 08:43:22 INFO  RestApiClient:95 - http://localhost:8080/web/api/v1/chat/5/5/1
18/06/2020 08:43:23 INFO  RestApiClient:95 - http://localhost:8080/web/api/v1/chat/5/5/1
18/06/2020 08:43:24 INFO  RestApiClient:95 - http://localhost:8080/web/api/v1/chat/5/5/1
18/06/2020 08:43:25 INFO  RestApiClient:95 - http://localhost:8080/web/api/v1/chat/5/5/1
18/06/2020 08:43:26 INFO  RestApiClient:95 - http://localhost:8080/web/api/v1/chat/5/5/1
18/06/2020 08:43:27 INFO  RestApiClient:95 - http://localhost:8080/web/api/v1/chat/5/5/1
18/06/2020 08:43:28 INFO  RestApiClient:95 - http://localhost:8080/web/api/v1/chat/5/5/1
18/06/2020 08:45:02 INFO  ThreadConsultaProtocolo:47 - Iniciando verificação de protocolos -> Usuario: ag001
18/06/2020 08:45:02 INFO  ThreadPrintaChat:45 - Iniciando processamento do chat
18/06/2020 08:45:02 INFO  RestApiClient:95 - http://localhost:8080/web/api/v1/chat/5/1/1
18/06/2020 08:45:03 INFO  RestApiClient:95 - http://localhost:8080/web/api/v1/chat/5/2/1
18/06/2020 08:45:04 INFO  RestApiClient:95 - http://localhost:8080/web/api/v1/chat/5/3/1
18/06/2020 08:45:05 INFO  RestApiClient:95 - http://localhost:8080/web/api/v1/chat/5/4/1
18/06/2020 08:45:06 INFO  RestApiClient:95 - http://localhost:8080/web/api/v1/chat/5/5/1
18/06/2020 08:45:08 INFO  RestApiClient:95 - http://localhost:8080/web/api/v1/chat/5/5/1
18/06/2020 08:45:09 INFO  RestApiClient:95 - http://localhost:8080/web/api/v1/chat/5/5/1
18/06/2020 08:45:10 INFO  RestApiClient:95 - http://localhost:8080/web/api/v1/chat/5/5/1
18/06/2020 08:45:11 INFO  RestApiClient:95 - http://localhost:8080/web/api/v1/chat/5/5/1
18/06/2020 08:45:12 INFO  RestApiClient:95 - http://localhost:8080/web/api/v1/chat/5/5/1
18/06/2020 08:45:13 INFO  RestApiClient:95 - http://localhost:8080/web/api/v1/chat/5/5/1
18/06/2020 08:45:14 INFO  RestApiClient:95 - http://localhost:8080/web/api/v1/chat/5/5/1
18/06/2020 08:45:15 INFO  RestApiClient:95 - http://localhost:8080/web/api/v1/chat/5/5/1
18/06/2020 08:45:16 INFO  RestApiClient:95 - http://localhost:8080/web/api/v1/chat/5/5/1
18/06/2020 08:45:17 INFO  RestApiClient:95 - http://localhost:8080/web/api/v1/chat/5/5/1
18/06/2020 08:45:18 INFO  RestApiClient:95 - http://localhost:8080/web/api/v1/chat/5/5/1
18/06/2020 08:45:19 INFO  RestApiClient:95 - http://localhost:8080/web/api/v1/chat/5/5/1
18/06/2020 08:46:24 INFO  ThreadConsultaProtocolo:47 - Iniciando verificação de protocolos -> Usuario: ag001
18/06/2020 08:46:24 INFO  ThreadPrintaChat:45 - Iniciando processamento do chat
18/06/2020 08:46:24 INFO  RestApiClient:95 - http://localhost:8080/web/api/v1/chat/5/1/1
18/06/2020 08:46:25 INFO  RestApiClient:95 - http://localhost:8080/web/api/v1/chat/5/2/1
18/06/2020 08:46:26 INFO  RestApiClient:95 - http://localhost:8080/web/api/v1/chat/5/3/1
18/06/2020 08:46:27 INFO  RestApiClient:95 - http://localhost:8080/web/api/v1/chat/5/4/1
18/06/2020 08:46:28 INFO  RestApiClient:95 - http://localhost:8080/web/api/v1/chat/5/5/1
18/06/2020 08:46:29 INFO  RestApiClient:95 - http://localhost:8080/web/api/v1/chat/5/5/1
18/06/2020 08:46:30 INFO  RestApiClient:95 - http://localhost:8080/web/api/v1/chat/5/5/1
18/06/2020 08:46:31 INFO  RestApiClient:95 - http://localhost:8080/web/api/v1/chat/5/5/1
18/06/2020 08:46:32 INFO  RestApiClient:95 - http://localhost:8080/web/api/v1/chat/5/5/1
18/06/2020 08:46:33 INFO  RestApiClient:95 - http://localhost:8080/web/api/v1/chat/5/5/1
18/06/2020 08:46:34 INFO  RestApiClient:95 - http://localhost:8080/web/api/v1/chat/5/5/1
18/06/2020 08:46:35 INFO  RestApiClient:95 - http://localhost:8080/web/api/v1/chat/5/5/1
18/06/2020 08:46:36 INFO  RestApiClient:95 - http://localhost:8080/web/api/v1/chat/5/5/1
18/06/2020 08:46:37 INFO  RestApiClient:95 - http://localhost:8080/web/api/v1/chat/5/5/1
18/06/2020 08:46:39 INFO  RestApiClient:95 - http://localhost:8080/web/api/v1/chat/5/5/1
18/06/2020 08:46:40 INFO  RestApiClient:95 - http://localhost:8080/web/api/v1/chat/5/5/1
18/06/2020 08:46:41 INFO  RestApiClient:95 - http://localhost:8080/web/api/v1/chat/5/5/1
18/06/2020 08:46:42 INFO  RestApiClient:95 - http://localhost:8080/web/api/v1/chat/5/5/1
18/06/2020 08:46:43 INFO  RestApiClient:95 - http://localhost:8080/web/api/v1/chat/5/5/1
18/06/2020 08:46:44 INFO  RestApiClient:95 - http://localhost:8080/web/api/v1/chat/5/5/1
18/06/2020 08:46:45 INFO  RestApiClient:95 - http://localhost:8080/web/api/v1/chat/5/5/1
18/06/2020 08:46:46 INFO  RestApiClient:95 - http://localhost:8080/web/api/v1/chat/5/5/1
18/06/2020 08:46:47 INFO  RestApiClient:95 - http://localhost:8080/web/api/v1/chat/5/5/1
18/06/2020 08:46:48 INFO  RestApiClient:95 - http://localhost:8080/web/api/v1/chat/5/5/1
18/06/2020 08:46:49 INFO  RestApiClient:95 - http://localhost:8080/web/api/v1/chat/5/5/1
18/06/2020 08:46:50 INFO  RestApiClient:95 - http://localhost:8080/web/api/v1/chat/5/5/1
18/06/2020 08:46:51 INFO  RestApiClient:95 - http://localhost:8080/web/api/v1/chat/5/5/1
18/06/2020 08:46:52 INFO  RestApiClient:95 - http://localhost:8080/web/api/v1/chat/5/5/1
18/06/2020 08:46:53 INFO  RestApiClient:95 - http://localhost:8080/web/api/v1/chat/5/5/1
18/06/2020 08:46:54 INFO  RestApiClient:95 - http://localhost:8080/web/api/v1/chat/5/5/1
18/06/2020 08:46:55 INFO  RestApiClient:95 - http://localhost:8080/web/api/v1/chat/5/5/1
18/06/2020 08:46:56 INFO  RestApiClient:95 - http://localhost:8080/web/api/v1/chat/5/5/1
18/06/2020 08:46:57 INFO  RestApiClient:95 - http://localhost:8080/web/api/v1/chat/5/5/1
18/06/2020 08:46:58 INFO  RestApiClient:95 - http://localhost:8080/web/api/v1/chat/5/5/1
18/06/2020 08:46:59 INFO  RestApiClient:95 - http://localhost:8080/web/api/v1/chat/5/5/1
18/06/2020 08:47:00 INFO  RestApiClient:95 - http://localhost:8080/web/api/v1/chat/5/5/1
18/06/2020 08:47:01 INFO  RestApiClient:95 - http://localhost:8080/web/api/v1/chat/5/5/1
18/06/2020 08:47:28 INFO  ThreadConsultaProtocolo:47 - Iniciando verificação de protocolos -> Usuario: ag001
18/06/2020 08:47:28 INFO  ThreadPrintaChat:45 - Iniciando processamento do chat
18/06/2020 08:47:28 INFO  RestApiClient:95 - http://localhost:8080/web/api/v1/chat/5/1/1
18/06/2020 08:47:29 INFO  RestApiClient:95 - http://localhost:8080/web/api/v1/chat/5/2/1
18/06/2020 08:47:30 INFO  RestApiClient:95 - http://localhost:8080/web/api/v1/chat/5/3/1
18/06/2020 08:47:31 INFO  RestApiClient:95 - http://localhost:8080/web/api/v1/chat/5/4/1
18/06/2020 08:47:32 INFO  RestApiClient:95 - http://localhost:8080/web/api/v1/chat/5/5/1
18/06/2020 08:47:33 INFO  RestApiClient:95 - http://localhost:8080/web/api/v1/chat/5/5/1
18/06/2020 08:47:34 INFO  RestApiClient:95 - http://localhost:8080/web/api/v1/chat/5/5/1
18/06/2020 08:47:35 INFO  RestApiClient:95 - http://localhost:8080/web/api/v1/chat/5/5/1
18/06/2020 08:47:36 INFO  RestApiClient:95 - http://localhost:8080/web/api/v1/chat/5/5/1
18/06/2020 08:47:37 INFO  RestApiClient:95 - http://localhost:8080/web/api/v1/chat/5/5/1
18/06/2020 08:47:38 INFO  RestApiClient:95 - http://localhost:8080/web/api/v1/chat/5/5/1
18/06/2020 08:47:39 INFO  RestApiClient:95 - http://localhost:8080/web/api/v1/chat/5/5/1
18/06/2020 08:47:40 INFO  RestApiClient:95 - http://localhost:8080/web/api/v1/chat/5/5/1
18/06/2020 08:47:42 INFO  RestApiClient:95 - http://localhost:8080/web/api/v1/chat/5/5/1
18/06/2020 08:47:43 INFO  RestApiClient:95 - http://localhost:8080/web/api/v1/chat/5/5/1
18/06/2020 08:47:44 INFO  RestApiClient:95 - http://localhost:8080/web/api/v1/chat/5/5/1
18/06/2020 08:47:44 INFO  ThreadConsultaProtocolo:47 - Iniciando verificação de protocolos -> Usuario: ag001
18/06/2020 12:19:02 INFO  ThreadConsultaProtocolo:47 - Iniciando verificação de protocolos -> Usuario: ag001
18/06/2020 12:19:03 INFO  ThreadPrintaChat:45 - Iniciando processamento do chat
18/06/2020 12:22:02 INFO  ThreadConsultaProtocolo:47 - Iniciando verificação de protocolos -> Usuario: ag001
18/06/2020 12:22:02 INFO  ThreadPrintaChat:45 - Iniciando processamento do chat
18/06/2020 12:22:43 INFO  ThreadConsultaProtocolo:47 - Iniciando verificação de protocolos -> Usuario: ag001
18/06/2020 12:25:51 INFO  ThreadConsultaProtocolo:54 - Novo protocolo associado ao operador. Protocolo 202006165
18/06/2020 12:25:51 INFO  ThreadPrintaChat:45 - Iniciando processamento do chat
18/06/2020 12:26:33 INFO  ThreadConsultaProtocolo:47 - Iniciando verificação de protocolos -> Usuario: ag001
18/06/2020 12:26:33 INFO  ThreadPrintaChat:49 - Iniciando processamento do chat
18/06/2020 12:27:28 INFO  ThreadConsultaProtocolo:47 - Iniciando verificação de protocolos -> Usuario: ag001
18/06/2020 12:27:28 INFO  ThreadPrintaChat:49 - Iniciando processamento do chat
18/06/2020 12:28:15 INFO  ThreadConsultaProtocolo:47 - Iniciando verificação de protocolos -> Usuario: ag001
18/06/2020 12:53:48 INFO  ThreadConsultaProtocolo:47 - Iniciando verificação de protocolos -> Usuario: ag001
18/06/2020 12:53:48 INFO  ThreadPrintaChat:57 - Iniciando processamento do chat
18/06/2020 12:54:15 INFO  ThreadConsultaProtocolo:47 - Iniciando verificação de protocolos -> Usuario: ag001
18/06/2020 12:54:16 INFO  ThreadPrintaChat:57 - Iniciando processamento do chat
18/06/2020 13:13:23 INFO  ThreadConsultaProtocolo:47 - Iniciando verificação de protocolos -> Usuario: ag001
18/06/2020 13:13:23 INFO  ThreadPrintaChat:57 - Iniciando processamento do chat
18/06/2020 13:15:37 INFO  ThreadConsultaProtocolo:47 - Iniciando verificação de protocolos -> Usuario: ag001
18/06/2020 13:16:01 INFO  ThreadConsultaProtocolo:54 - Novo protocolo associado ao operador. Protocolo 202006165
18/06/2020 13:16:01 INFO  ThreadPrintaChat:57 - Iniciando processamento do chat
18/06/2020 13:16:56 INFO  ThreadConsultaProtocolo:47 - Iniciando verificação de protocolos -> Usuario: ag001
18/06/2020 13:16:58 INFO  ThreadConsultaProtocolo:47 - Iniciando verificação de protocolos -> Usuario: ag001
18/06/2020 13:23:04 INFO  ThreadConsultaProtocolo:47 - Iniciando verificação de protocolos -> Usuario: ag001
18/06/2020 13:25:50 INFO  ThreadConsultaProtocolo:47 - Iniciando verificação de protocolos -> Usuario: ag001
18/06/2020 13:26:02 INFO  ThreadConsultaProtocolo:54 - Novo protocolo associado ao operador. Protocolo 202006165
18/06/2020 13:26:02 INFO  ThreadPrintaChat:57 - Iniciando processamento do chat
20/06/2020 00:52:03 INFO  ThreadConsultaProtocolo:47 - Iniciando verificação de protocolos -> Usuario: ag001
20/06/2020 00:54:37 INFO  ThreadConsultaProtocolo:54 - Novo protocolo associado ao operador. Protocolo 202006208
20/06/2020 00:54:37 INFO  ThreadPrintaChat:57 - Iniciando processamento do chat
20/06/2020 00:56:03 INFO  ThreadConsultaProtocolo:47 - Iniciando verificação de protocolos -> Usuario: ag001
20/06/2020 00:57:08 INFO  ThreadConsultaProtocolo:54 - Novo protocolo associado ao operador. Protocolo 202006209
20/06/2020 00:57:08 INFO  ThreadPrintaChat:57 - Iniciando processamento do chat
20/06/2020 00:59:27 INFO  ThreadConsultaProtocolo:47 - Iniciando verificação de protocolos -> Usuario: ag001
20/06/2020 08:30:05 INFO  ThreadConsultaProtocolo:54 - Novo protocolo associado ao operador. Protocolo 2020062010
20/06/2020 08:30:05 INFO  ThreadPrintaChat:57 - Iniciando processamento do chat
20/06/2020 08:30:16 INFO  ThreadConsultaProtocolo:47 - Iniciando verificação de protocolos -> Usuario: ag001
20/06/2020 08:32:34 INFO  ThreadConsultaProtocolo:47 - Iniciando verificação de protocolos -> Usuario: ag001
20/06/2020 08:32:35 INFO  ThreadConsultaProtocolo:54 - Novo protocolo associado ao operador. Protocolo 2020062011
20/06/2020 08:32:35 INFO  ThreadPrintaChat:57 - Iniciando processamento do chat
20/06/2020 08:32:38 INFO  ThreadConsultaProtocolo:47 - Iniciando verificação de protocolos -> Usuario: ag001
20/06/2020 15:17:53 INFO  ThreadConsultaProtocolo:47 - Iniciando verificação de protocolos -> Usuario: ag001
20/06/2020 15:18:19 INFO  ThreadConsultaProtocolo:54 - Novo protocolo associado ao operador. Protocolo 2020062012
20/06/2020 15:18:19 INFO  ThreadPrintaChat:57 - Iniciando processamento do chat
20/06/2020 15:18:38 INFO  ThreadConsultaProtocolo:47 - Iniciando verificação de protocolos -> Usuario: ag001
20/06/2020 15:19:11 INFO  ThreadConsultaProtocolo:47 - Iniciando verificação de protocolos -> Usuario: ag001
20/06/2020 15:19:19 INFO  ThreadConsultaProtocolo:54 - Novo protocolo associado ao operador. Protocolo 2020062013
20/06/2020 15:19:19 INFO  ThreadPrintaChat:57 - Iniciando processamento do chat
20/06/2020 15:20:52 INFO  ThreadConsultaProtocolo:47 - Iniciando verificação de protocolos -> Usuario: ag001
20/06/2020 16:15:36 INFO  ThreadConsultaProtocolo:47 - Iniciando verificação de protocolos -> Usuario: ag001
